Mai 23, 2014 11:15:58 AM org.apache.catalina.core.AprLifecycleListener init
Informações: The APR based Apache Tomcat Native library which allows optimal performance in production environments was not found on the java.library.path: C:\Program Files (x86)\Java\jdk1.7.0_51\jre\bin;C:\Windows\Sun\Java\bin;C:\Windows\system32;C:\Windows;C:\Program Files (x86)\Morgan\JPEG ToolBox V2;C:\FPC\2.6.2\bin\i386-Win32;C:\Program Files (x86)\Java\jdk1.7.0_51\\bin;D:\Play\Aula\play_cook\cook\bin;D:\Play\Aula\play_cook\play-1.2.5;D:\Other\apache-tomcat-8.0.5\bin;D:\Other\apache-maven-3.2.1\bin;C:\Program Files (x86)\Heroku\bin;C:\Program Files (x86)\git\cmd;C:\Users\Danilo-PC\AppData\Roaming\npm;.
Mai 23, 2014 11:15:59 AM org.apache.coyote.AbstractProtocol init
Informações: Initializing ProtocolHandler ["http-bio-8080"]
Mai 23, 2014 11:15:59 AM org.apache.coyote.AbstractProtocol init
Informações: Initializing ProtocolHandler ["ajp-bio-8009"]
Mai 23, 2014 11:16:01 AM org.apache.openejb.util.OptionsLog info
Informações: Using 'openejb.jdbc.datasource-creator=org.apache.tomee.jdbc.TomEEDataSourceCreator'
Mai 23, 2014 11:16:01 AM org.apache.openejb.OpenEJB$Instance <init>
Informações: ********************************************************************************
Mai 23, 2014 11:16:01 AM org.apache.openejb.OpenEJB$Instance <init>
Informações: OpenEJB http://openejb.apache.org/
Mai 23, 2014 11:16:01 AM org.apache.openejb.OpenEJB$Instance <init>
Informações: Startup: Fri May 23 11:16:01 GMT-03:00 2014
Mai 23, 2014 11:16:01 AM org.apache.openejb.OpenEJB$Instance <init>
Informações: Copyright 1999-2012 (C) Apache OpenEJB Project, All Rights Reserved.
Mai 23, 2014 11:16:01 AM org.apache.openejb.OpenEJB$Instance <init>
Informações: Version: 4.5.0
Mai 23, 2014 11:16:01 AM org.apache.openejb.OpenEJB$Instance <init>
Informações: Build date: 20120928
Mai 23, 2014 11:16:01 AM org.apache.openejb.OpenEJB$Instance <init>
Informações: Build time: 08:12
Mai 23, 2014 11:16:01 AM org.apache.openejb.OpenEJB$Instance <init>
Informações: ********************************************************************************
Mai 23, 2014 11:16:01 AM org.apache.openejb.OpenEJB$Instance <init>
Informações: openejb.home = C:\Users\Danilo-PC\Desktop\Publish\Atividade\target\apache-tomee
Mai 23, 2014 11:16:01 AM org.apache.openejb.OpenEJB$Instance <init>
Informações: openejb.base = C:\Users\Danilo-PC\Desktop\Publish\Atividade\target\apache-tomee
Mai 23, 2014 11:16:01 AM org.apache.openejb.cdi.CdiBuilder initializeOWB
Informações: Created new singletonService org.apache.openejb.cdi.ThreadSingletonServiceImpl@1e4ed88
Mai 23, 2014 11:16:01 AM org.apache.openejb.cdi.CdiBuilder initializeOWB
Informações: Succeeded in installing singleton service
Mai 23, 2014 11:16:01 AM org.apache.openejb.config.ConfigurationFactory init
Informações: openejb configuration file is 'C:\Users\Danilo-PC\Desktop\Publish\Atividade\target\apache-tomee\conf\tomee.xml'
Mai 23, 2014 11:16:01 AM org.apache.openejb.util.OptionsLog info
Informações: Using 'openejb.provider.default=org.apache.tomee'
Mai 23, 2014 11:16:01 AM org.apache.openejb.config.ConfigurationFactory configureService
Informações: Configuring Service(id=Tomcat Security Service, type=SecurityService, provider-id=Tomcat Security Service)
Mai 23, 2014 11:16:01 AM org.apache.openejb.config.ConfigurationFactory configureService
Informações: Configuring Service(id=Default Transaction Manager, type=TransactionManager, provider-id=Default Transaction Manager)
Mai 23, 2014 11:16:01 AM org.apache.openejb.config.ConfigurationFactory configureService
Informações: Configuring Service(id=My DataSource, type=Resource, provider-id=Default JDBC Database)
Mai 23, 2014 11:16:01 AM org.apache.openejb.config.ConfigurationFactory configureService
Informações: Configuring Service(id=My Unmanaged DataSource, type=Resource, provider-id=Default JDBC Database)
Mai 23, 2014 11:16:01 AM org.apache.openejb.config.ConfigurationFactory configureService
Informações: Configuring Service(id=My Singleton Container, type=Container, provider-id=Default Singleton Container)
Mai 23, 2014 11:16:01 AM org.apache.openejb.config.ConfigurationFactory configureService
Informações: Configuring Service(id=My Stateful Container, type=Container, provider-id=Default Stateful Container)
Mai 23, 2014 11:16:01 AM org.apache.openejb.config.ConfigurationFactory configureService
Informações: Configuring Service(id=My Stateless Container, type=Container, provider-id=Default Stateless Container)
Mai 23, 2014 11:16:01 AM org.apache.openejb.util.OptionsLog info
Informações: Using 'openejb.system.apps=true'
Mai 23, 2014 11:16:01 AM org.apache.openejb.config.ConfigurationFactory configureApplication
Informações: Configuring enterprise application: null
Mai 23, 2014 11:16:01 AM org.apache.openejb.config.InitEjbDeployments deploy
Informações: Using openejb.deploymentId.format '{ejbName}'
Mai 23, 2014 11:16:01 AM org.apache.openejb.config.InitEjbDeployments deploy
Informações: Auto-deploying ejb openejb/Deployer: EjbDeployment(deployment-id=openejb/Deployer)
Mai 23, 2014 11:16:01 AM org.apache.openejb.config.InitEjbDeployments deploy
Informações: Auto-deploying ejb openejb/ConfigurationInfo: EjbDeployment(deployment-id=openejb/ConfigurationInfo)
Mai 23, 2014 11:16:01 AM org.apache.openejb.config.InitEjbDeployments deploy
Informações: Auto-deploying ejb MEJB: EjbDeployment(deployment-id=MEJB)
Mai 23, 2014 11:16:01 AM org.apache.openejb.config.AppInfoBuilder build
Informações: Enterprise application "openejb" loaded.
Mai 23, 2014 11:16:01 AM org.apache.openejb.assembler.classic.Assembler createRecipe
Informações: Creating TransactionManager(id=Default Transaction Manager)
Mai 23, 2014 11:16:01 AM org.apache.openejb.assembler.classic.Assembler createRecipe
Informações: Creating SecurityService(id=Tomcat Security Service)
Mai 23, 2014 11:16:01 AM org.apache.openejb.assembler.classic.Assembler createRecipe
Informações: Creating Resource(id=My DataSource)
Mai 23, 2014 11:16:01 AM org.apache.openejb.assembler.classic.Assembler createRecipe
Informações: Creating Resource(id=My Unmanaged DataSource)
Mai 23, 2014 11:16:01 AM org.apache.openejb.assembler.classic.Assembler createRecipe
Informações: Creating Container(id=My Singleton Container)
Mai 23, 2014 11:16:01 AM org.apache.openejb.assembler.classic.Assembler createRecipe
Informações: Creating Container(id=My Stateful Container)
Mai 23, 2014 11:16:01 AM org.apache.openejb.core.stateful.SimplePassivater init
Informações: Using directory C:\Users\Danilo-PC\Desktop\Publish\Atividade\target\apache-tomee\temp for stateful session passivation
Mai 23, 2014 11:16:01 AM org.apache.openejb.assembler.classic.Assembler createRecipe
Informações: Creating Container(id=My Stateless Container)
Mai 23, 2014 11:16:01 AM org.apache.openejb.assembler.classic.Assembler createApplication
Informações: Assembling app: openejb
Mai 23, 2014 11:16:01 AM org.apache.openejb.util.OptionsLog info
Informações: Using 'openejb.jndiname.format={deploymentId}{interfaceType.openejbLegacyName}'
Mai 23, 2014 11:16:01 AM org.apache.openejb.assembler.classic.JndiBuilder bind
Informações: Jndi(name=openejb/DeployerBusinessRemote) --> Ejb(deployment-id=openejb/Deployer)
Mai 23, 2014 11:16:01 AM org.apache.openejb.assembler.classic.JndiBuilder bind
Informações: Jndi(name=global/openejb/openejb/Deployer!org.apache.openejb.assembler.Deployer) --> Ejb(deployment-id=openejb/Deployer)
Mai 23, 2014 11:16:01 AM org.apache.openejb.assembler.classic.JndiBuilder bind
Informações: Jndi(name=global/openejb/openejb/Deployer) --> Ejb(deployment-id=openejb/Deployer)
Mai 23, 2014 11:16:01 AM org.apache.openejb.assembler.classic.JndiBuilder bind
Informações: Jndi(name=openejb/ConfigurationInfoBusinessRemote) --> Ejb(deployment-id=openejb/ConfigurationInfo)
Mai 23, 2014 11:16:01 AM org.apache.openejb.assembler.classic.JndiBuilder bind
Informações: Jndi(name=global/openejb/openejb/ConfigurationInfo!org.apache.openejb.assembler.classic.cmd.ConfigurationInfo) --> Ejb(deployment-id=openejb/ConfigurationInfo)
Mai 23, 2014 11:16:01 AM org.apache.openejb.assembler.classic.JndiBuilder bind
Informações: Jndi(name=global/openejb/openejb/ConfigurationInfo) --> Ejb(deployment-id=openejb/ConfigurationInfo)
Mai 23, 2014 11:16:01 AM org.apache.openejb.assembler.classic.JndiBuilder bind
Informações: Jndi(name=MEJB) --> Ejb(deployment-id=MEJB)
Mai 23, 2014 11:16:01 AM org.apache.openejb.assembler.classic.JndiBuilder bind
Informações: Jndi(name=global/openejb/MEJB!javax.management.j2ee.ManagementHome) --> Ejb(deployment-id=MEJB)
Mai 23, 2014 11:16:01 AM org.apache.openejb.assembler.classic.JndiBuilder bind
Informações: Jndi(name=global/openejb/MEJB) --> Ejb(deployment-id=MEJB)
Mai 23, 2014 11:16:01 AM org.apache.openejb.cdi.CdiBuilder initSingleton
Informações: Existing thread singleton service in SystemInstance() org.apache.openejb.cdi.ThreadSingletonServiceImpl@1e4ed88
Mai 23, 2014 11:16:01 AM org.apache.openejb.cdi.OpenEJBLifecycle startApplication
Informações: OpenWebBeans Container is starting...
Mai 23, 2014 11:16:01 AM org.apache.webbeans.plugins.PluginLoader startUp
Informações: Adding OpenWebBeansPlugin : [CdiPlugin]
Mai 23, 2014 11:16:01 AM org.apache.webbeans.plugins.PluginLoader startUp
Informações: Adding OpenWebBeansPlugin : [OpenWebBeansJsfPlugin]
Mai 23, 2014 11:16:02 AM org.apache.openejb.cdi.BeansDeployer validateInjectionPoints
Informações: All injection points are validated successfully.
Mai 23, 2014 11:16:02 AM org.apache.openejb.cdi.OpenEJBLifecycle startApplication
Informações: OpenWebBeans Container has started, it took 70 ms.
Mai 23, 2014 11:16:02 AM org.apache.openejb.assembler.classic.Assembler createApplication
Informações: Created Ejb(deployment-id=openejb/Deployer, ejb-name=openejb/Deployer, container=My Stateless Container)
Mai 23, 2014 11:16:02 AM org.apache.openejb.assembler.classic.Assembler createApplication
Informações: Created Ejb(deployment-id=MEJB, ejb-name=MEJB, container=My Stateless Container)
Mai 23, 2014 11:16:02 AM org.apache.openejb.assembler.classic.Assembler createApplication
Informações: Created Ejb(deployment-id=openejb/ConfigurationInfo, ejb-name=openejb/ConfigurationInfo, container=My Stateless Container)
Mai 23, 2014 11:16:02 AM org.apache.openejb.assembler.classic.Assembler createApplication
Informações: Started Ejb(deployment-id=openejb/Deployer, ejb-name=openejb/Deployer, container=My Stateless Container)
Mai 23, 2014 11:16:02 AM org.apache.openejb.assembler.classic.Assembler createApplication
Informações: Started Ejb(deployment-id=MEJB, ejb-name=MEJB, container=My Stateless Container)
Mai 23, 2014 11:16:02 AM org.apache.openejb.assembler.classic.Assembler createApplication
Informações: Started Ejb(deployment-id=openejb/ConfigurationInfo, ejb-name=openejb/ConfigurationInfo, container=My Stateless Container)
Mai 23, 2014 11:16:02 AM org.apache.openejb.assembler.classic.Assembler deployMBean
Informações: Deployed MBean(openejb.user.mbeans:application=openejb,group=org.apache.openejb.assembler.monitoring,name=JMXDeployer)
Mai 23, 2014 11:16:02 AM org.apache.openejb.assembler.classic.Assembler createApplication
Informações: Deployed Application(path=openejb)
Mai 23, 2014 11:16:02 AM org.apache.openejb.server.ServiceManager initServer
Informações: Creating ServerService(id=cxf)
Mai 23, 2014 11:16:02 AM org.apache.openejb.server.ServiceManager initServer
Informações: Creating ServerService(id=cxf-rs)
Mai 23, 2014 11:16:02 AM org.apache.openejb.server.SimpleServiceManager start
Informações: Starting service cxf
Mai 23, 2014 11:16:02 AM org.apache.openejb.server.SimpleServiceManager start
Informações: Started service cxf
Mai 23, 2014 11:16:02 AM org.apache.openejb.server.SimpleServiceManager start
Informações: Starting service cxf-rs
Mai 23, 2014 11:16:02 AM org.apache.openejb.server.SimpleServiceManager start
Informações: Started service cxf-rs
Mai 23, 2014 11:16:02 AM org.apache.openejb.server.SimpleServiceManager start
Informações:   ** Bound Services **
Mai 23, 2014 11:16:02 AM org.apache.openejb.server.SimpleServiceManager printRow
Informações:   NAME                 IP              PORT  
Mai 23, 2014 11:16:02 AM org.apache.openejb.server.SimpleServiceManager start
Informações: -------
Mai 23, 2014 11:16:02 AM org.apache.openejb.server.SimpleServiceManager start
Informações: Ready!
Mai 23, 2014 11:16:02 AM org.apache.catalina.startup.Catalina load
Informações: Initialization processed in 5252 ms
Mai 23, 2014 11:16:02 AM org.apache.tomee.catalina.OpenEJBNamingContextListener bindResource
Informações: Importing a Tomcat Resource with id 'UserDatabase' of type 'org.apache.catalina.UserDatabase'.
Mai 23, 2014 11:16:02 AM org.apache.openejb.assembler.classic.Assembler createRecipe
Informações: Creating Resource(id=UserDatabase)
Mai 23, 2014 11:16:02 AM org.apache.catalina.core.StandardService startInternal
Informações: Starting service Catalina
Mai 23, 2014 11:16:02 AM org.apache.catalina.core.StandardEngine startInternal
Informações: Starting Servlet Engine: Apache Tomcat/7.0.30
Mai 23, 2014 11:16:02 AM org.apache.catalina.startup.HostConfig deployWAR
Informações: Deploying web application archive C:\Users\Danilo-PC\Desktop\Publish\Atividade\target\apache-tomee\webapps\restee.war
Mai 23, 2014 11:16:02 AM org.apache.tomee.catalina.TomcatWebAppBuilder init
Informações: -------------------------
TomcatWebAppBuilder.init /restee
Mai 23, 2014 11:16:02 AM org.apache.openejb.util.JarExtractor extract
Informações: Extracting jar: C:\Users\Danilo-PC\Desktop\Publish\Atividade\target\apache-tomee\webapps\restee.war
Mai 23, 2014 11:16:02 AM org.apache.openejb.util.JarExtractor extract
Informações: Extracted path: C:\Users\Danilo-PC\Desktop\Publish\Atividade\target\apache-tomee\webapps\restee
Mai 23, 2014 11:16:02 AM org.apache.openejb.util.OptionsLog info
Informações: Using 'openejb.session.manager=org.apache.tomee.catalina.session.QuickSessionManager'
Mai 23, 2014 11:16:02 AM org.apache.tomee.catalina.TomEEClassLoaderEnricher validateJarFile
Advertência: jar 'C:\Users\Danilo-PC\Desktop\Publish\Atividade\target\apache-tomee\webapps\restee\WEB-INF\lib\hibernate-jpa-2.0-api-1.0.1.Final.jar' contains offending class: javax.persistence.Entity. It will be ignored.
Mai 23, 2014 11:16:02 AM org.apache.tomee.catalina.TomEEClassLoaderEnricher validateJarFile
Advertência: jar 'C:\Users\Danilo-PC\Desktop\Publish\Atividade\target\apache-tomee\webapps\restee\WEB-INF\lib\jboss-transaction-api_1.1_spec-1.0.0.Final.jar' contains offending class: javax.transaction.Transaction. It will be ignored.
Mai 23, 2014 11:16:03 AM org.apache.openejb.config.ConfigurationFactory configureApplication
Informações: Configuring enterprise application: C:\Users\Danilo-PC\Desktop\Publish\Atividade\target\apache-tomee\webapps\restee
Mai 23, 2014 11:16:03 AM org.apache.openejb.config.InitEjbDeployments deploy
Informações: Auto-deploying ejb CotacaoDao: EjbDeployment(deployment-id=CotacaoDao)
Mai 23, 2014 11:16:03 AM org.apache.openejb.config.InitEjbDeployments deploy
Informações: Auto-deploying ejb ProdutoDao: EjbDeployment(deployment-id=ProdutoDao)
Mai 23, 2014 11:16:03 AM org.apache.openejb.config.InitEjbDeployments deploy
Informações: Auto-deploying ejb PedidoDao: EjbDeployment(deployment-id=PedidoDao)
Mai 23, 2014 11:16:03 AM org.apache.openejb.config.InitEjbDeployments deploy
Informações: Auto-deploying ejb ProdutoWS: EjbDeployment(deployment-id=ProdutoWS)
Mai 23, 2014 11:16:03 AM org.apache.openejb.config.ConfigurationFactory configureService
Informações: Configuring Service(id=java:/jdbc/gp-hsqldb, type=Resource, provider-id=Default JDBC Database)
Mai 23, 2014 11:16:03 AM org.apache.openejb.assembler.classic.Assembler createRecipe
Informações: Creating Resource(id=java:/jdbc/gp-hsqldb)
Mai 23, 2014 11:16:03 AM org.apache.openejb.config.ConfigurationFactory configureService
Informações: Configuring Service(id=Default Managed Container, type=Container, provider-id=Default Managed Container)
Mai 23, 2014 11:16:03 AM org.apache.openejb.config.AutoConfig createContainer
Informações: Auto-creating a container for bean localhost/restee.Comp: Container(type=MANAGED, id=Default Managed Container)
Mai 23, 2014 11:16:03 AM org.apache.openejb.assembler.classic.Assembler createRecipe
Informações: Creating Container(id=Default Managed Container)
Mai 23, 2014 11:16:03 AM org.apache.openejb.core.managed.SimplePassivater init
Informações: Using directory C:\Users\Danilo-PC\Desktop\Publish\Atividade\target\apache-tomee\temp for stateful session passivation
Mai 23, 2014 11:16:03 AM org.apache.openejb.config.AutoConfig processResourceRef
Informações: Auto-linking resource-ref 'openejb/Resource/java:/jdbc/gp-hsqldb' in bean localhost/restee.Comp to Resource(id=My DataSource)
Mai 23, 2014 11:16:03 AM org.apache.openejb.config.AutoConfig processResourceRef
Informações: Auto-linking resource-ref 'openejb/Resource/java:/jdbc/gp-hsqldb' in bean CotacaoDao to Resource(id=My DataSource)
Mai 23, 2014 11:16:03 AM org.apache.openejb.config.AutoConfig processResourceRef
Informações: Auto-linking resource-ref 'openejb/Resource/java:/jdbc/gp-hsqldb' in bean ProdutoDao to Resource(id=My DataSource)
Mai 23, 2014 11:16:03 AM org.apache.openejb.config.AutoConfig processResourceRef
Informações: Auto-linking resource-ref 'openejb/Resource/java:/jdbc/gp-hsqldb' in bean PedidoDao to Resource(id=My DataSource)
Mai 23, 2014 11:16:03 AM org.apache.openejb.config.AutoConfig processResourceRef
Informações: Auto-linking resource-ref 'openejb/Resource/java:/jdbc/gp-hsqldb' in bean ProdutoWS to Resource(id=My DataSource)
Mai 23, 2014 11:16:03 AM org.apache.openejb.config.AutoConfig deploy
Informações: Configuring PersistenceUnit(name=gp-unit, provider=org.hibernate.ejb.HibernatePersistence)
Mai 23, 2014 11:16:03 AM org.apache.openejb.config.AutoConfig setJtaDataSource
Informações: Adjusting PersistenceUnit gp-unit <jta-data-source> to Resource ID 'My DataSource' from '/jdbc/gp-hsqldb'
Mai 23, 2014 11:16:03 AM org.apache.openejb.config.AutoConfig setNonJtaDataSource
Informações: Adjusting PersistenceUnit gp-unit <non-jta-data-source> to Resource ID 'My Unmanaged DataSource' from 'null'
Mai 23, 2014 11:16:03 AM org.apache.openejb.config.AppInfoBuilder build
Informações: Enterprise application "C:\Users\Danilo-PC\Desktop\Publish\Atividade\target\apache-tomee\webapps\restee" loaded.
Mai 23, 2014 11:16:03 AM org.apache.openejb.assembler.classic.Assembler createApplication
Informações: Assembling app: C:\Users\Danilo-PC\Desktop\Publish\Atividade\target\apache-tomee\webapps\restee
Mai 23, 2014 11:16:03 AM org.hibernate.annotations.common.Version <clinit>
INFO: HCANN000001: Hibernate Commons Annotations {4.0.1.Final}
Mai 23, 2014 11:16:03 AM org.hibernate.Version logVersion
INFO: HHH000412: Hibernate Core {4.1.7.Final}
Mai 23, 2014 11:16:03 AM org.hibernate.cfg.Environment <clinit>
INFO: HHH000206: hibernate.properties not found
Mai 23, 2014 11:16:03 AM org.hibernate.cfg.Environment buildBytecodeProvider
INFO: HHH000021: Bytecode provider name : javassist
Mai 23, 2014 11:16:03 AM org.hibernate.ejb.Ejb3Configuration configure
INFO: HHH000204: Processing PersistenceUnitInfo [
	name: gp-unit
	...]
Mai 23, 2014 11:16:03 AM org.hibernate.mapping.RootClass checkCompositeIdentifier
WARN: HHH000038: Composite-id class does not override equals(): models.dto.PedidosProduto$PK
Mai 23, 2014 11:16:03 AM org.hibernate.mapping.RootClass checkCompositeIdentifier
WARN: HHH000039: Composite-id class does not override hashCode(): models.dto.PedidosProduto$PK
Mai 23, 2014 11:16:03 AM org.hibernate.service.jdbc.connections.internal.ConnectionProviderInitiator instantiateExplicitConnectionProvider
INFO: HHH000130: Instantiating explicit connection provider: org.hibernate.ejb.connection.InjectedDataSourceConnectionProvider
Mai 23, 2014 11:16:04 AM org.hsqldb.persist.Logger logInfoEvent
Informações: checkpointClose start
Mai 23, 2014 11:16:04 AM org.hsqldb.persist.Logger logInfoEvent
Informações: checkpointClose end
Mai 23, 2014 11:16:04 AM org.hibernate.dialect.Dialect <init>
INFO: HHH000400: Using dialect: org.hibernate.dialect.HSQLDialect
Mai 23, 2014 11:16:04 AM org.hibernate.engine.transaction.internal.TransactionFactoryInitiator initiateService
INFO: HHH000268: Transaction strategy: org.hibernate.engine.transaction.internal.jta.CMTTransactionFactory
Mai 23, 2014 11:16:04 AM org.hibernate.hql.internal.ast.ASTQueryTranslatorFactory <init>
INFO: HHH000397: Using ASTQueryTranslatorFactory
Mai 23, 2014 11:16:05 AM org.hibernate.tool.hbm2ddl.SchemaExport execute
INFO: HHH000227: Running hbm2ddl schema export
Mai 23, 2014 11:16:05 AM org.hibernate.tool.hbm2ddl.SchemaExport execute
INFO: HHH000230: Schema export complete
Mai 23, 2014 11:16:05 AM org.apache.openejb.assembler.classic.PersistenceBuilder createEntityManagerFactory
Informações: PersistenceUnit(name=gp-unit, provider=org.hibernate.ejb.HibernatePersistence) - provider time 2148ms
Mai 23, 2014 11:16:05 AM org.apache.openejb.assembler.classic.JndiBuilder bind
Informações: Jndi(name=CotacaoDaoLocalBean) --> Ejb(deployment-id=CotacaoDao)
Mai 23, 2014 11:16:05 AM org.apache.openejb.assembler.classic.JndiBuilder bind
Informações: Jndi(name=global/localhost/restee/CotacaoDao!models.CotacaoDao) --> Ejb(deployment-id=CotacaoDao)
Mai 23, 2014 11:16:05 AM org.apache.openejb.assembler.classic.JndiBuilder bind
Informações: Jndi(name=global/localhost/restee/CotacaoDao) --> Ejb(deployment-id=CotacaoDao)
Mai 23, 2014 11:16:05 AM org.apache.openejb.assembler.classic.JndiBuilder bind
Informações: Jndi(name=ProdutoDaoLocalBean) --> Ejb(deployment-id=ProdutoDao)
Mai 23, 2014 11:16:05 AM org.apache.openejb.assembler.classic.JndiBuilder bind
Informações: Jndi(name=global/localhost/restee/ProdutoDao!models.ProdutoDao) --> Ejb(deployment-id=ProdutoDao)
Mai 23, 2014 11:16:05 AM org.apache.openejb.assembler.classic.JndiBuilder bind
Informações: Jndi(name=global/localhost/restee/ProdutoDao) --> Ejb(deployment-id=ProdutoDao)
Mai 23, 2014 11:16:05 AM org.apache.openejb.assembler.classic.JndiBuilder bind
Informações: Jndi(name=PedidoDaoLocalBean) --> Ejb(deployment-id=PedidoDao)
Mai 23, 2014 11:16:05 AM org.apache.openejb.assembler.classic.JndiBuilder bind
Informações: Jndi(name=global/localhost/restee/PedidoDao!models.PedidoDao) --> Ejb(deployment-id=PedidoDao)
Mai 23, 2014 11:16:05 AM org.apache.openejb.assembler.classic.JndiBuilder bind
Informações: Jndi(name=global/localhost/restee/PedidoDao) --> Ejb(deployment-id=PedidoDao)
Mai 23, 2014 11:16:05 AM org.apache.openejb.cdi.CdiBuilder initSingleton
Informações: Existing thread singleton service in SystemInstance() org.apache.openejb.cdi.ThreadSingletonServiceImpl@1e4ed88
Mai 23, 2014 11:16:05 AM org.apache.openejb.cdi.OpenEJBLifecycle startApplication
Informações: OpenWebBeans Container is starting...
Mai 23, 2014 11:16:05 AM org.apache.webbeans.plugins.PluginLoader startUp
Informações: Adding OpenWebBeansPlugin : [CdiPlugin]
Mai 23, 2014 11:16:05 AM org.apache.webbeans.plugins.PluginLoader startUp
Informações: Adding OpenWebBeansPlugin : [OpenWebBeansJsfPlugin]
Mai 23, 2014 11:16:05 AM org.apache.openejb.cdi.BeansDeployer validateInjectionPoints
Informações: All injection points are validated successfully.
Mai 23, 2014 11:16:05 AM org.apache.openejb.cdi.OpenEJBLifecycle startApplication
Informações: OpenWebBeans Container has started, it took 154 ms.
Mai 23, 2014 11:16:05 AM org.apache.openejb.assembler.classic.Assembler createApplication
Informações: Created Ejb(deployment-id=PedidoDao, ejb-name=PedidoDao, container=My Stateless Container)
Mai 23, 2014 11:16:05 AM org.apache.openejb.assembler.classic.Assembler createApplication
Informações: Created Ejb(deployment-id=CotacaoDao, ejb-name=CotacaoDao, container=My Stateless Container)
Mai 23, 2014 11:16:05 AM org.apache.openejb.assembler.classic.Assembler createApplication
Informações: Created Ejb(deployment-id=ProdutoDao, ejb-name=ProdutoDao, container=My Stateless Container)
Mai 23, 2014 11:16:05 AM org.apache.openejb.assembler.classic.Assembler createApplication
Informações: Created Ejb(deployment-id=ProdutoWS, ejb-name=ProdutoWS, container=My Stateless Container)
Mai 23, 2014 11:16:05 AM org.apache.openejb.assembler.classic.Assembler createApplication
Informações: Started Ejb(deployment-id=PedidoDao, ejb-name=PedidoDao, container=My Stateless Container)
Mai 23, 2014 11:16:05 AM org.apache.openejb.assembler.classic.Assembler createApplication
Informações: Started Ejb(deployment-id=CotacaoDao, ejb-name=CotacaoDao, container=My Stateless Container)
Mai 23, 2014 11:16:05 AM org.apache.openejb.assembler.classic.Assembler createApplication
Informações: Started Ejb(deployment-id=ProdutoDao, ejb-name=ProdutoDao, container=My Stateless Container)
Mai 23, 2014 11:16:05 AM org.apache.openejb.assembler.classic.Assembler createApplication
Informações: Started Ejb(deployment-id=ProdutoWS, ejb-name=ProdutoWS, container=My Stateless Container)
Mai 23, 2014 11:16:05 AM org.apache.tomee.catalina.TomcatWebAppBuilder deployWebApps
Informações: using context file C:\Users\Danilo-PC\Desktop\Publish\Atividade\target\apache-tomee\webapps\restee\META-INF\context.xml
Mai 23, 2014 11:16:05 AM org.apache.openejb.assembler.classic.Assembler createApplication
Informações: Deployed Application(path=C:\Users\Danilo-PC\Desktop\Publish\Atividade\target\apache-tomee\webapps\restee)
Mai 23, 2014 11:16:05 AM org.apache.cxf.service.factory.ReflectionServiceFactoryBean buildServiceFromClass
Informações: Creating Service {http://localhost/wsdl}ProdutoService from class ws.ProdutoWS
Mai 23, 2014 11:16:06 AM org.apache.cxf.endpoint.ServerImpl initDestination
Informações: Setting the server's publish address to be http://nopath:80
Mai 23, 2014 11:16:06 AM org.apache.openejb.server.webservices.WsService afterApplicationCreated
Informações: Webservice(wsdl=http://localhost:8080/restee/webservices/ProdutoWS, qname={http://localhost/wsdl}ProdutoService) --> Ejb(id=ProdutoWS)
Mai 23, 2014 11:16:07 AM org.apache.cxf.endpoint.ServerImpl initDestination
Informações: Setting the server's publish address to be http://localhost:8080/restee/api
Mai 23, 2014 11:16:07 AM org.apache.openejb.server.rest.RESTService deployPojo
Informações: REST Service: http://localhost:8080/restee/api/cotacoes/*  -> Pojo api.Cotacoes
Mai 23, 2014 11:16:07 AM org.apache.cxf.endpoint.ServerImpl initDestination
Informações: Setting the server's publish address to be http://localhost:8080/restee/api
Mai 23, 2014 11:16:07 AM org.apache.openejb.server.rest.RESTService deployPojo
Informações: REST Service: http://localhost:8080/restee/api/pedidos/*  -> Pojo api.Pedidos
Mai 23, 2014 11:16:07 AM org.apache.cxf.endpoint.ServerImpl initDestination
Informações: Setting the server's publish address to be http://localhost:8080/restee/api
Mai 23, 2014 11:16:07 AM org.apache.openejb.server.rest.RESTService deployPojo
Informações: REST Service: http://localhost:8080/restee/api/produtos/*  -> Pojo api.Produtos
Mai 23, 2014 11:16:07 AM org.apache.openejb.server.rest.RESTService afterApplicationCreated
Informações: REST application deployed: api.config.ApplicationConfig
Mai 23, 2014 11:16:07 AM org.apache.catalina.startup.HostConfig deployDirectory
Informações: Deploying web application directory C:\Users\Danilo-PC\Desktop\Publish\Atividade\target\apache-tomee\webapps\tomee
Mai 23, 2014 11:16:07 AM org.apache.tomee.catalina.TomcatWebAppBuilder init
Informações: -------------------------
TomcatWebAppBuilder.init /tomee
Mai 23, 2014 11:16:07 AM org.apache.openejb.util.OptionsLog info
Informações: Using 'openejb.session.manager=org.apache.tomee.catalina.session.QuickSessionManager'
Mai 23, 2014 11:16:07 AM org.apache.openejb.config.ConfigurationFactory configureApplication
Informações: Configuring enterprise application: C:\Users\Danilo-PC\Desktop\Publish\Atividade\target\apache-tomee\webapps\tomee
Mai 23, 2014 11:16:07 AM org.apache.openejb.config.AppInfoBuilder build
Informações: Enterprise application "C:\Users\Danilo-PC\Desktop\Publish\Atividade\target\apache-tomee\webapps\tomee" loaded.
Mai 23, 2014 11:16:07 AM org.apache.openejb.assembler.classic.Assembler createApplication
Informações: Assembling app: C:\Users\Danilo-PC\Desktop\Publish\Atividade\target\apache-tomee\webapps\tomee
Mai 23, 2014 11:16:07 AM org.apache.openejb.cdi.CdiBuilder initSingleton
Informações: Existing thread singleton service in SystemInstance() org.apache.openejb.cdi.ThreadSingletonServiceImpl@1e4ed88
Mai 23, 2014 11:16:07 AM org.apache.openejb.cdi.OpenEJBLifecycle startApplication
Informações: OpenWebBeans Container is starting...
Mai 23, 2014 11:16:07 AM org.apache.webbeans.plugins.PluginLoader startUp
Informações: Adding OpenWebBeansPlugin : [CdiPlugin]
Mai 23, 2014 11:16:07 AM org.apache.webbeans.plugins.PluginLoader startUp
Informações: Adding OpenWebBeansPlugin : [OpenWebBeansJsfPlugin]
Mai 23, 2014 11:16:07 AM org.apache.openejb.cdi.BeansDeployer validateInjectionPoints
Informações: All injection points are validated successfully.
Mai 23, 2014 11:16:07 AM org.apache.openejb.cdi.OpenEJBLifecycle startApplication
Informações: OpenWebBeans Container has started, it took 2 ms.
Mai 23, 2014 11:16:07 AM org.apache.openejb.assembler.classic.Assembler createApplication
Informações: Deployed Application(path=C:\Users\Danilo-PC\Desktop\Publish\Atividade\target\apache-tomee\webapps\tomee)
Mai 23, 2014 11:16:07 AM org.apache.coyote.AbstractProtocol start
Informações: Starting ProtocolHandler ["http-bio-8080"]
Mai 23, 2014 11:16:07 AM org.apache.coyote.AbstractProtocol start
Informações: Starting ProtocolHandler ["ajp-bio-8009"]
Mai 23, 2014 11:16:07 AM org.apache.catalina.startup.Catalina start
Informações: Server startup in 5433 ms
Mai 23, 2014 5:34:29 PM org.apache.catalina.core.AprLifecycleListener init
Informações: The APR based Apache Tomcat Native library which allows optimal performance in production environments was not found on the java.library.path: C:\Program Files (x86)\Java\jdk1.7.0_51\jre\bin;C:\Windows\Sun\Java\bin;C:\Windows\system32;C:\Windows;C:\Program Files (x86)\Morgan\JPEG ToolBox V2;C:\FPC\2.6.2\bin\i386-Win32;C:\Program Files (x86)\Java\jdk1.7.0_51\\bin;D:\Play\Aula\play_cook\cook\bin;D:\Play\Aula\play_cook\play-1.2.5;D:\Other\apache-tomcat-8.0.5\bin;D:\Other\apache-maven-3.2.1\bin;C:\Program Files (x86)\Heroku\bin;C:\Program Files (x86)\git\cmd;C:\Users\Danilo-PC\AppData\Roaming\npm;.
Mai 23, 2014 5:34:33 PM org.apache.coyote.AbstractProtocol init
Informações: Initializing ProtocolHandler ["http-bio-8080"]
Mai 23, 2014 5:34:33 PM org.apache.coyote.AbstractProtocol init
Informações: Initializing ProtocolHandler ["ajp-bio-8009"]
Mai 23, 2014 5:34:35 PM org.apache.openejb.util.OptionsLog info
Informações: Using 'openejb.jdbc.datasource-creator=org.apache.tomee.jdbc.TomEEDataSourceCreator'
Mai 23, 2014 5:34:35 PM org.apache.openejb.OpenEJB$Instance <init>
Informações: ********************************************************************************
Mai 23, 2014 5:34:35 PM org.apache.openejb.OpenEJB$Instance <init>
Informações: OpenEJB http://openejb.apache.org/
Mai 23, 2014 5:34:35 PM org.apache.openejb.OpenEJB$Instance <init>
Informações: Startup: Fri May 23 17:34:35 GMT-03:00 2014
Mai 23, 2014 5:34:35 PM org.apache.openejb.OpenEJB$Instance <init>
Informações: Copyright 1999-2012 (C) Apache OpenEJB Project, All Rights Reserved.
Mai 23, 2014 5:34:35 PM org.apache.openejb.OpenEJB$Instance <init>
Informações: Version: 4.5.0
Mai 23, 2014 5:34:35 PM org.apache.openejb.OpenEJB$Instance <init>
Informações: Build date: 20120928
Mai 23, 2014 5:34:35 PM org.apache.openejb.OpenEJB$Instance <init>
Informações: Build time: 08:12
Mai 23, 2014 5:34:35 PM org.apache.openejb.OpenEJB$Instance <init>
Informações: ********************************************************************************
Mai 23, 2014 5:34:35 PM org.apache.openejb.OpenEJB$Instance <init>
Informações: openejb.home = C:\Users\Danilo-PC\Documents\GitHub\Atividade\target\apache-tomee
Mai 23, 2014 5:34:35 PM org.apache.openejb.OpenEJB$Instance <init>
Informações: openejb.base = C:\Users\Danilo-PC\Documents\GitHub\Atividade\target\apache-tomee
Mai 23, 2014 5:34:35 PM org.apache.openejb.cdi.CdiBuilder initializeOWB
Informações: Created new singletonService org.apache.openejb.cdi.ThreadSingletonServiceImpl@13b2835
Mai 23, 2014 5:34:35 PM org.apache.openejb.cdi.CdiBuilder initializeOWB
Informações: Succeeded in installing singleton service
Mai 23, 2014 5:34:35 PM org.apache.openejb.config.ConfigurationFactory init
Informações: openejb configuration file is 'C:\Users\Danilo-PC\Documents\GitHub\Atividade\target\apache-tomee\conf\tomee.xml'
Mai 23, 2014 5:34:35 PM org.apache.openejb.util.OptionsLog info
Informações: Using 'openejb.provider.default=org.apache.tomee'
Mai 23, 2014 5:34:35 PM org.apache.openejb.config.ConfigurationFactory configureService
Informações: Configuring Service(id=Tomcat Security Service, type=SecurityService, provider-id=Tomcat Security Service)
Mai 23, 2014 5:34:35 PM org.apache.openejb.config.ConfigurationFactory configureService
Informações: Configuring Service(id=Default Transaction Manager, type=TransactionManager, provider-id=Default Transaction Manager)
Mai 23, 2014 5:34:35 PM org.apache.openejb.config.ConfigurationFactory configureService
Informações: Configuring Service(id=My DataSource, type=Resource, provider-id=Default JDBC Database)
Mai 23, 2014 5:34:35 PM org.apache.openejb.config.ConfigurationFactory configureService
Informações: Configuring Service(id=My Unmanaged DataSource, type=Resource, provider-id=Default JDBC Database)
Mai 23, 2014 5:34:35 PM org.apache.openejb.config.ConfigurationFactory configureService
Informações: Configuring Service(id=My Singleton Container, type=Container, provider-id=Default Singleton Container)
Mai 23, 2014 5:34:35 PM org.apache.openejb.config.ConfigurationFactory configureService
Informações: Configuring Service(id=My Stateful Container, type=Container, provider-id=Default Stateful Container)
Mai 23, 2014 5:34:35 PM org.apache.openejb.config.ConfigurationFactory configureService
Informações: Configuring Service(id=My Stateless Container, type=Container, provider-id=Default Stateless Container)
Mai 23, 2014 5:34:35 PM org.apache.openejb.util.OptionsLog info
Informações: Using 'openejb.system.apps=true'
Mai 23, 2014 5:34:35 PM org.apache.openejb.config.ConfigurationFactory configureApplication
Informações: Configuring enterprise application: null
Mai 23, 2014 5:34:36 PM org.apache.openejb.config.InitEjbDeployments deploy
Informações: Using openejb.deploymentId.format '{ejbName}'
Mai 23, 2014 5:34:36 PM org.apache.openejb.config.InitEjbDeployments deploy
Informações: Auto-deploying ejb openejb/Deployer: EjbDeployment(deployment-id=openejb/Deployer)
Mai 23, 2014 5:34:36 PM org.apache.openejb.config.InitEjbDeployments deploy
Informações: Auto-deploying ejb openejb/ConfigurationInfo: EjbDeployment(deployment-id=openejb/ConfigurationInfo)
Mai 23, 2014 5:34:36 PM org.apache.openejb.config.InitEjbDeployments deploy
Informações: Auto-deploying ejb MEJB: EjbDeployment(deployment-id=MEJB)
Mai 23, 2014 5:34:36 PM org.apache.openejb.config.AppInfoBuilder build
Informações: Enterprise application "openejb" loaded.
Mai 23, 2014 5:34:36 PM org.apache.openejb.assembler.classic.Assembler createRecipe
Informações: Creating TransactionManager(id=Default Transaction Manager)
Mai 23, 2014 5:34:36 PM org.apache.openejb.assembler.classic.Assembler createRecipe
Informações: Creating SecurityService(id=Tomcat Security Service)
Mai 23, 2014 5:34:36 PM org.apache.openejb.assembler.classic.Assembler createRecipe
Informações: Creating Resource(id=My DataSource)
Mai 23, 2014 5:34:36 PM org.apache.openejb.assembler.classic.Assembler createRecipe
Informações: Creating Resource(id=My Unmanaged DataSource)
Mai 23, 2014 5:34:36 PM org.apache.openejb.assembler.classic.Assembler createRecipe
Informações: Creating Container(id=My Singleton Container)
Mai 23, 2014 5:34:36 PM org.apache.openejb.assembler.classic.Assembler createRecipe
Informações: Creating Container(id=My Stateful Container)
Mai 23, 2014 5:34:36 PM org.apache.openejb.core.stateful.SimplePassivater init
Informações: Using directory C:\Users\Danilo-PC\Documents\GitHub\Atividade\target\apache-tomee\temp for stateful session passivation
Mai 23, 2014 5:34:36 PM org.apache.openejb.assembler.classic.Assembler createRecipe
Informações: Creating Container(id=My Stateless Container)
Mai 23, 2014 5:34:36 PM org.apache.openejb.assembler.classic.Assembler createApplication
Informações: Assembling app: openejb
Mai 23, 2014 5:34:36 PM org.apache.openejb.util.OptionsLog info
Informações: Using 'openejb.jndiname.format={deploymentId}{interfaceType.openejbLegacyName}'
Mai 23, 2014 5:34:36 PM org.apache.openejb.assembler.classic.JndiBuilder bind
Informações: Jndi(name=openejb/DeployerBusinessRemote) --> Ejb(deployment-id=openejb/Deployer)
Mai 23, 2014 5:34:36 PM org.apache.openejb.assembler.classic.JndiBuilder bind
Informações: Jndi(name=global/openejb/openejb/Deployer!org.apache.openejb.assembler.Deployer) --> Ejb(deployment-id=openejb/Deployer)
Mai 23, 2014 5:34:36 PM org.apache.openejb.assembler.classic.JndiBuilder bind
Informações: Jndi(name=global/openejb/openejb/Deployer) --> Ejb(deployment-id=openejb/Deployer)
Mai 23, 2014 5:34:36 PM org.apache.openejb.assembler.classic.JndiBuilder bind
Informações: Jndi(name=openejb/ConfigurationInfoBusinessRemote) --> Ejb(deployment-id=openejb/ConfigurationInfo)
Mai 23, 2014 5:34:36 PM org.apache.openejb.assembler.classic.JndiBuilder bind
Informações: Jndi(name=global/openejb/openejb/ConfigurationInfo!org.apache.openejb.assembler.classic.cmd.ConfigurationInfo) --> Ejb(deployment-id=openejb/ConfigurationInfo)
Mai 23, 2014 5:34:36 PM org.apache.openejb.assembler.classic.JndiBuilder bind
Informações: Jndi(name=global/openejb/openejb/ConfigurationInfo) --> Ejb(deployment-id=openejb/ConfigurationInfo)
Mai 23, 2014 5:34:36 PM org.apache.openejb.assembler.classic.JndiBuilder bind
Informações: Jndi(name=MEJB) --> Ejb(deployment-id=MEJB)
Mai 23, 2014 5:34:36 PM org.apache.openejb.assembler.classic.JndiBuilder bind
Informações: Jndi(name=global/openejb/MEJB!javax.management.j2ee.ManagementHome) --> Ejb(deployment-id=MEJB)
Mai 23, 2014 5:34:36 PM org.apache.openejb.assembler.classic.JndiBuilder bind
Informações: Jndi(name=global/openejb/MEJB) --> Ejb(deployment-id=MEJB)
Mai 23, 2014 5:34:36 PM org.apache.openejb.cdi.CdiBuilder initSingleton
Informações: Existing thread singleton service in SystemInstance() org.apache.openejb.cdi.ThreadSingletonServiceImpl@13b2835
Mai 23, 2014 5:34:36 PM org.apache.openejb.cdi.OpenEJBLifecycle startApplication
Informações: OpenWebBeans Container is starting...
Mai 23, 2014 5:34:36 PM org.apache.webbeans.plugins.PluginLoader startUp
Informações: Adding OpenWebBeansPlugin : [CdiPlugin]
Mai 23, 2014 5:34:36 PM org.apache.webbeans.plugins.PluginLoader startUp
Informações: Adding OpenWebBeansPlugin : [OpenWebBeansJsfPlugin]
Mai 23, 2014 5:34:36 PM org.apache.openejb.cdi.BeansDeployer validateInjectionPoints
Informações: All injection points are validated successfully.
Mai 23, 2014 5:34:36 PM org.apache.openejb.cdi.OpenEJBLifecycle startApplication
Informações: OpenWebBeans Container has started, it took 67 ms.
Mai 23, 2014 5:34:36 PM org.apache.openejb.assembler.classic.Assembler createApplication
Informações: Created Ejb(deployment-id=openejb/Deployer, ejb-name=openejb/Deployer, container=My Stateless Container)
Mai 23, 2014 5:34:36 PM org.apache.openejb.assembler.classic.Assembler createApplication
Informações: Created Ejb(deployment-id=MEJB, ejb-name=MEJB, container=My Stateless Container)
Mai 23, 2014 5:34:36 PM org.apache.openejb.assembler.classic.Assembler createApplication
Informações: Created Ejb(deployment-id=openejb/ConfigurationInfo, ejb-name=openejb/ConfigurationInfo, container=My Stateless Container)
Mai 23, 2014 5:34:36 PM org.apache.openejb.assembler.classic.Assembler createApplication
Informações: Started Ejb(deployment-id=openejb/Deployer, ejb-name=openejb/Deployer, container=My Stateless Container)
Mai 23, 2014 5:34:36 PM org.apache.openejb.assembler.classic.Assembler createApplication
Informações: Started Ejb(deployment-id=MEJB, ejb-name=MEJB, container=My Stateless Container)
Mai 23, 2014 5:34:36 PM org.apache.openejb.assembler.classic.Assembler createApplication
Informações: Started Ejb(deployment-id=openejb/ConfigurationInfo, ejb-name=openejb/ConfigurationInfo, container=My Stateless Container)
Mai 23, 2014 5:34:36 PM org.apache.openejb.assembler.classic.Assembler deployMBean
Informações: Deployed MBean(openejb.user.mbeans:application=openejb,group=org.apache.openejb.assembler.monitoring,name=JMXDeployer)
Mai 23, 2014 5:34:36 PM org.apache.openejb.assembler.classic.Assembler createApplication
Informações: Deployed Application(path=openejb)
Mai 23, 2014 5:34:36 PM org.apache.openejb.server.ServiceManager initServer
Informações: Creating ServerService(id=cxf)
Mai 23, 2014 5:34:37 PM org.apache.openejb.server.ServiceManager initServer
Informações: Creating ServerService(id=cxf-rs)
Mai 23, 2014 5:34:37 PM org.apache.openejb.server.SimpleServiceManager start
Informações: Starting service cxf
Mai 23, 2014 5:34:37 PM org.apache.openejb.server.SimpleServiceManager start
Informações: Started service cxf
Mai 23, 2014 5:34:37 PM org.apache.openejb.server.SimpleServiceManager start
Informações: Starting service cxf-rs
Mai 23, 2014 5:34:37 PM org.apache.openejb.server.SimpleServiceManager start
Informações: Started service cxf-rs
Mai 23, 2014 5:34:37 PM org.apache.openejb.server.SimpleServiceManager start
Informações:   ** Bound Services **
Mai 23, 2014 5:34:37 PM org.apache.openejb.server.SimpleServiceManager printRow
Informações:   NAME                 IP              PORT  
Mai 23, 2014 5:34:37 PM org.apache.openejb.server.SimpleServiceManager start
Informações: -------
Mai 23, 2014 5:34:37 PM org.apache.openejb.server.SimpleServiceManager start
Informações: Ready!
Mai 23, 2014 5:34:37 PM org.apache.catalina.startup.Catalina load
Informações: Initialization processed in 7706 ms
Mai 23, 2014 5:34:37 PM org.apache.tomee.catalina.OpenEJBNamingContextListener bindResource
Informações: Importing a Tomcat Resource with id 'UserDatabase' of type 'org.apache.catalina.UserDatabase'.
Mai 23, 2014 5:34:37 PM org.apache.openejb.assembler.classic.Assembler createRecipe
Informações: Creating Resource(id=UserDatabase)
Mai 23, 2014 5:34:37 PM org.apache.catalina.core.StandardService startInternal
Informações: Starting service Catalina
Mai 23, 2014 5:34:37 PM org.apache.catalina.core.StandardEngine startInternal
Informações: Starting Servlet Engine: Apache Tomcat/7.0.30
Mai 23, 2014 5:34:37 PM org.apache.catalina.startup.HostConfig deployWAR
Informações: Deploying web application archive C:\Users\Danilo-PC\Documents\GitHub\Atividade\target\apache-tomee\webapps\restee.war
Mai 23, 2014 5:34:37 PM org.apache.tomee.catalina.TomcatWebAppBuilder init
Informações: -------------------------
TomcatWebAppBuilder.init /restee
Mai 23, 2014 5:34:37 PM org.apache.openejb.util.JarExtractor extract
Informações: Extracting jar: C:\Users\Danilo-PC\Documents\GitHub\Atividade\target\apache-tomee\webapps\restee.war
Mai 23, 2014 5:34:37 PM org.apache.openejb.util.JarExtractor extract
Informações: Extracted path: C:\Users\Danilo-PC\Documents\GitHub\Atividade\target\apache-tomee\webapps\restee
Mai 23, 2014 5:34:37 PM org.apache.openejb.util.OptionsLog info
Informações: Using 'openejb.session.manager=org.apache.tomee.catalina.session.QuickSessionManager'
Mai 23, 2014 5:34:37 PM org.apache.tomee.catalina.TomEEClassLoaderEnricher validateJarFile
Advertência: jar 'C:\Users\Danilo-PC\Documents\GitHub\Atividade\target\apache-tomee\webapps\restee\WEB-INF\lib\hibernate-jpa-2.0-api-1.0.1.Final.jar' contains offending class: javax.persistence.Entity. It will be ignored.
Mai 23, 2014 5:34:37 PM org.apache.tomee.catalina.TomEEClassLoaderEnricher validateJarFile
Advertência: jar 'C:\Users\Danilo-PC\Documents\GitHub\Atividade\target\apache-tomee\webapps\restee\WEB-INF\lib\jboss-transaction-api_1.1_spec-1.0.0.Final.jar' contains offending class: javax.transaction.Transaction. It will be ignored.
Mai 23, 2014 5:34:37 PM org.apache.openejb.config.ConfigurationFactory configureApplication
Informações: Configuring enterprise application: C:\Users\Danilo-PC\Documents\GitHub\Atividade\target\apache-tomee\webapps\restee
Mai 23, 2014 5:34:38 PM org.apache.openejb.config.InitEjbDeployments deploy
Informações: Auto-deploying ejb PedidoDao: EjbDeployment(deployment-id=PedidoDao)
Mai 23, 2014 5:34:38 PM org.apache.openejb.config.InitEjbDeployments deploy
Informações: Auto-deploying ejb ProdutoDao: EjbDeployment(deployment-id=ProdutoDao)
Mai 23, 2014 5:34:38 PM org.apache.openejb.config.InitEjbDeployments deploy
Informações: Auto-deploying ejb ProdutoWS: EjbDeployment(deployment-id=ProdutoWS)
Mai 23, 2014 5:34:38 PM org.apache.openejb.config.InitEjbDeployments deploy
Informações: Auto-deploying ejb CotacaoDao: EjbDeployment(deployment-id=CotacaoDao)
Mai 23, 2014 5:34:38 PM org.apache.openejb.config.ConfigurationFactory configureService
Informações: Configuring Service(id=java:/jdbc/gp-hsqldb, type=Resource, provider-id=Default JDBC Database)
Mai 23, 2014 5:34:38 PM org.apache.openejb.assembler.classic.Assembler createRecipe
Informações: Creating Resource(id=java:/jdbc/gp-hsqldb)
Mai 23, 2014 5:34:38 PM org.apache.openejb.config.ConfigurationFactory configureService
Informações: Configuring Service(id=Default Managed Container, type=Container, provider-id=Default Managed Container)
Mai 23, 2014 5:34:38 PM org.apache.openejb.config.AutoConfig createContainer
Informações: Auto-creating a container for bean localhost/restee.Comp: Container(type=MANAGED, id=Default Managed Container)
Mai 23, 2014 5:34:38 PM org.apache.openejb.assembler.classic.Assembler createRecipe
Informações: Creating Container(id=Default Managed Container)
Mai 23, 2014 5:34:38 PM org.apache.openejb.core.managed.SimplePassivater init
Informações: Using directory C:\Users\Danilo-PC\Documents\GitHub\Atividade\target\apache-tomee\temp for stateful session passivation
Mai 23, 2014 5:34:38 PM org.apache.openejb.config.AutoConfig processResourceRef
Informações: Auto-linking resource-ref 'openejb/Resource/java:/jdbc/gp-hsqldb' in bean localhost/restee.Comp to Resource(id=My DataSource)
Mai 23, 2014 5:34:38 PM org.apache.openejb.config.AutoConfig processResourceRef
Informações: Auto-linking resource-ref 'openejb/Resource/java:/jdbc/gp-hsqldb' in bean PedidoDao to Resource(id=My DataSource)
Mai 23, 2014 5:34:38 PM org.apache.openejb.config.AutoConfig processResourceRef
Informações: Auto-linking resource-ref 'openejb/Resource/java:/jdbc/gp-hsqldb' in bean ProdutoDao to Resource(id=My DataSource)
Mai 23, 2014 5:34:38 PM org.apache.openejb.config.AutoConfig processResourceRef
Informações: Auto-linking resource-ref 'openejb/Resource/java:/jdbc/gp-hsqldb' in bean ProdutoWS to Resource(id=My DataSource)
Mai 23, 2014 5:34:38 PM org.apache.openejb.config.AutoConfig processResourceRef
Informações: Auto-linking resource-ref 'openejb/Resource/java:/jdbc/gp-hsqldb' in bean CotacaoDao to Resource(id=My DataSource)
Mai 23, 2014 5:34:38 PM org.apache.openejb.config.AutoConfig deploy
Informações: Configuring PersistenceUnit(name=gp-unit, provider=org.hibernate.ejb.HibernatePersistence)
Mai 23, 2014 5:34:38 PM org.apache.openejb.config.AutoConfig setJtaDataSource
Informações: Adjusting PersistenceUnit gp-unit <jta-data-source> to Resource ID 'My DataSource' from '/jdbc/gp-hsqldb'
Mai 23, 2014 5:34:38 PM org.apache.openejb.config.AutoConfig setNonJtaDataSource
Informações: Adjusting PersistenceUnit gp-unit <non-jta-data-source> to Resource ID 'My Unmanaged DataSource' from 'null'
Mai 23, 2014 5:34:38 PM org.apache.openejb.config.AppInfoBuilder build
Informações: Enterprise application "C:\Users\Danilo-PC\Documents\GitHub\Atividade\target\apache-tomee\webapps\restee" loaded.
Mai 23, 2014 5:34:38 PM org.apache.openejb.assembler.classic.Assembler createApplication
Informações: Assembling app: C:\Users\Danilo-PC\Documents\GitHub\Atividade\target\apache-tomee\webapps\restee
Mai 23, 2014 5:34:38 PM org.hibernate.annotations.common.Version <clinit>
INFO: HCANN000001: Hibernate Commons Annotations {4.0.1.Final}
Mai 23, 2014 5:34:38 PM org.hibernate.Version logVersion
INFO: HHH000412: Hibernate Core {4.1.7.Final}
Mai 23, 2014 5:34:38 PM org.hibernate.cfg.Environment <clinit>
INFO: HHH000206: hibernate.properties not found
Mai 23, 2014 5:34:38 PM org.hibernate.cfg.Environment buildBytecodeProvider
INFO: HHH000021: Bytecode provider name : javassist
Mai 23, 2014 5:34:38 PM org.hibernate.ejb.Ejb3Configuration configure
INFO: HHH000204: Processing PersistenceUnitInfo [
	name: gp-unit
	...]
Mai 23, 2014 5:34:38 PM org.hibernate.mapping.RootClass checkCompositeIdentifier
WARN: HHH000038: Composite-id class does not override equals(): models.dto.PedidosProduto$PK
Mai 23, 2014 5:34:38 PM org.hibernate.mapping.RootClass checkCompositeIdentifier
WARN: HHH000039: Composite-id class does not override hashCode(): models.dto.PedidosProduto$PK
Mai 23, 2014 5:34:38 PM org.hibernate.service.jdbc.connections.internal.ConnectionProviderInitiator instantiateExplicitConnectionProvider
INFO: HHH000130: Instantiating explicit connection provider: org.hibernate.ejb.connection.InjectedDataSourceConnectionProvider
Mai 23, 2014 5:34:39 PM org.hsqldb.persist.Logger logInfoEvent
Informações: checkpointClose start
Mai 23, 2014 5:34:39 PM org.hsqldb.persist.Logger logInfoEvent
Informações: checkpointClose end
Mai 23, 2014 5:34:40 PM org.hibernate.dialect.Dialect <init>
INFO: HHH000400: Using dialect: org.hibernate.dialect.HSQLDialect
Mai 23, 2014 5:34:40 PM org.hibernate.engine.transaction.internal.TransactionFactoryInitiator initiateService
INFO: HHH000268: Transaction strategy: org.hibernate.engine.transaction.internal.jta.CMTTransactionFactory
Mai 23, 2014 5:34:40 PM org.hibernate.hql.internal.ast.ASTQueryTranslatorFactory <init>
INFO: HHH000397: Using ASTQueryTranslatorFactory
Mai 23, 2014 5:34:40 PM org.hibernate.tool.hbm2ddl.SchemaExport execute
INFO: HHH000227: Running hbm2ddl schema export
Mai 23, 2014 5:34:40 PM org.hibernate.tool.hbm2ddl.SchemaExport execute
INFO: HHH000230: Schema export complete
Mai 23, 2014 5:34:40 PM org.apache.openejb.assembler.classic.PersistenceBuilder createEntityManagerFactory
Informações: PersistenceUnit(name=gp-unit, provider=org.hibernate.ejb.HibernatePersistence) - provider time 2802ms
Mai 23, 2014 5:34:40 PM org.apache.openejb.assembler.classic.JndiBuilder bind
Informações: Jndi(name=PedidoDaoLocalBean) --> Ejb(deployment-id=PedidoDao)
Mai 23, 2014 5:34:40 PM org.apache.openejb.assembler.classic.JndiBuilder bind
Informações: Jndi(name=global/localhost/restee/PedidoDao!models.PedidoDao) --> Ejb(deployment-id=PedidoDao)
Mai 23, 2014 5:34:40 PM org.apache.openejb.assembler.classic.JndiBuilder bind
Informações: Jndi(name=global/localhost/restee/PedidoDao) --> Ejb(deployment-id=PedidoDao)
Mai 23, 2014 5:34:40 PM org.apache.openejb.assembler.classic.JndiBuilder bind
Informações: Jndi(name=ProdutoDaoLocalBean) --> Ejb(deployment-id=ProdutoDao)
Mai 23, 2014 5:34:40 PM org.apache.openejb.assembler.classic.JndiBuilder bind
Informações: Jndi(name=global/localhost/restee/ProdutoDao!models.ProdutoDao) --> Ejb(deployment-id=ProdutoDao)
Mai 23, 2014 5:34:40 PM org.apache.openejb.assembler.classic.JndiBuilder bind
Informações: Jndi(name=global/localhost/restee/ProdutoDao) --> Ejb(deployment-id=ProdutoDao)
Mai 23, 2014 5:34:40 PM org.apache.openejb.assembler.classic.JndiBuilder bind
Informações: Jndi(name=CotacaoDaoLocalBean) --> Ejb(deployment-id=CotacaoDao)
Mai 23, 2014 5:34:40 PM org.apache.openejb.assembler.classic.JndiBuilder bind
Informações: Jndi(name=global/localhost/restee/CotacaoDao!models.CotacaoDao) --> Ejb(deployment-id=CotacaoDao)
Mai 23, 2014 5:34:40 PM org.apache.openejb.assembler.classic.JndiBuilder bind
Informações: Jndi(name=global/localhost/restee/CotacaoDao) --> Ejb(deployment-id=CotacaoDao)
Mai 23, 2014 5:34:40 PM org.apache.openejb.cdi.CdiBuilder initSingleton
Informações: Existing thread singleton service in SystemInstance() org.apache.openejb.cdi.ThreadSingletonServiceImpl@13b2835
Mai 23, 2014 5:34:40 PM org.apache.openejb.cdi.OpenEJBLifecycle startApplication
Informações: OpenWebBeans Container is starting...
Mai 23, 2014 5:34:40 PM org.apache.webbeans.plugins.PluginLoader startUp
Informações: Adding OpenWebBeansPlugin : [CdiPlugin]
Mai 23, 2014 5:34:40 PM org.apache.webbeans.plugins.PluginLoader startUp
Informações: Adding OpenWebBeansPlugin : [OpenWebBeansJsfPlugin]
Mai 23, 2014 5:34:41 PM org.apache.openejb.cdi.BeansDeployer validateInjectionPoints
Informações: All injection points are validated successfully.
Mai 23, 2014 5:34:41 PM org.apache.openejb.cdi.OpenEJBLifecycle startApplication
Informações: OpenWebBeans Container has started, it took 48 ms.
Mai 23, 2014 5:34:41 PM org.apache.openejb.assembler.classic.Assembler createApplication
Informações: Created Ejb(deployment-id=PedidoDao, ejb-name=PedidoDao, container=My Stateless Container)
Mai 23, 2014 5:34:41 PM org.apache.openejb.assembler.classic.Assembler createApplication
Informações: Created Ejb(deployment-id=CotacaoDao, ejb-name=CotacaoDao, container=My Stateless Container)
Mai 23, 2014 5:34:41 PM org.apache.openejb.assembler.classic.Assembler createApplication
Informações: Created Ejb(deployment-id=ProdutoDao, ejb-name=ProdutoDao, container=My Stateless Container)
Mai 23, 2014 5:34:41 PM org.apache.openejb.assembler.classic.Assembler createApplication
Informações: Created Ejb(deployment-id=ProdutoWS, ejb-name=ProdutoWS, container=My Stateless Container)
Mai 23, 2014 5:34:41 PM org.apache.openejb.assembler.classic.Assembler createApplication
Informações: Started Ejb(deployment-id=PedidoDao, ejb-name=PedidoDao, container=My Stateless Container)
Mai 23, 2014 5:34:41 PM org.apache.openejb.assembler.classic.Assembler createApplication
Informações: Started Ejb(deployment-id=CotacaoDao, ejb-name=CotacaoDao, container=My Stateless Container)
Mai 23, 2014 5:34:41 PM org.apache.openejb.assembler.classic.Assembler createApplication
Informações: Started Ejb(deployment-id=ProdutoDao, ejb-name=ProdutoDao, container=My Stateless Container)
Mai 23, 2014 5:34:41 PM org.apache.openejb.assembler.classic.Assembler createApplication
Informações: Started Ejb(deployment-id=ProdutoWS, ejb-name=ProdutoWS, container=My Stateless Container)
Mai 23, 2014 5:34:41 PM org.apache.tomee.catalina.TomcatWebAppBuilder deployWebApps
Informações: using context file C:\Users\Danilo-PC\Documents\GitHub\Atividade\target\apache-tomee\webapps\restee\META-INF\context.xml
Mai 23, 2014 5:34:41 PM org.apache.openejb.assembler.classic.Assembler createApplication
Informações: Deployed Application(path=C:\Users\Danilo-PC\Documents\GitHub\Atividade\target\apache-tomee\webapps\restee)
Mai 23, 2014 5:34:41 PM org.apache.cxf.service.factory.ReflectionServiceFactoryBean buildServiceFromClass
Informações: Creating Service {http://localhost/wsdl}ProdutoService from class ws.ProdutoWS
Mai 23, 2014 5:34:42 PM org.apache.cxf.endpoint.ServerImpl initDestination
Informações: Setting the server's publish address to be http://nopath:80
Mai 23, 2014 5:34:42 PM org.apache.openejb.server.webservices.WsService afterApplicationCreated
Informações: Webservice(wsdl=http://localhost:8080/restee/webservices/ProdutoWS, qname={http://localhost/wsdl}ProdutoService) --> Ejb(id=ProdutoWS)
Mai 23, 2014 5:34:43 PM org.apache.cxf.endpoint.ServerImpl initDestination
Informações: Setting the server's publish address to be http://localhost:8080/restee/api
Mai 23, 2014 5:34:43 PM org.apache.openejb.server.rest.RESTService deployPojo
Informações: REST Service: http://localhost:8080/restee/api/cotacoes/*  -> Pojo api.Cotacoes
Mai 23, 2014 5:34:43 PM org.apache.cxf.endpoint.ServerImpl initDestination
Informações: Setting the server's publish address to be http://localhost:8080/restee/api
Mai 23, 2014 5:34:43 PM org.apache.openejb.server.rest.RESTService deployPojo
Informações: REST Service: http://localhost:8080/restee/api/pedidos/*  -> Pojo api.Pedidos
Mai 23, 2014 5:34:43 PM org.apache.cxf.endpoint.ServerImpl initDestination
Informações: Setting the server's publish address to be http://localhost:8080/restee/api
Mai 23, 2014 5:34:43 PM org.apache.openejb.server.rest.RESTService deployPojo
Informações: REST Service: http://localhost:8080/restee/api/produtos/*  -> Pojo api.Produtos
Mai 23, 2014 5:34:43 PM org.apache.openejb.server.rest.RESTService afterApplicationCreated
Informações: REST application deployed: api.config.ApplicationConfig
Mai 23, 2014 5:34:43 PM org.apache.catalina.startup.HostConfig deployDirectory
Informações: Deploying web application directory C:\Users\Danilo-PC\Documents\GitHub\Atividade\target\apache-tomee\webapps\tomee
Mai 23, 2014 5:34:43 PM org.apache.tomee.catalina.TomcatWebAppBuilder init
Informações: -------------------------
TomcatWebAppBuilder.init /tomee
Mai 23, 2014 5:34:43 PM org.apache.openejb.util.OptionsLog info
Informações: Using 'openejb.session.manager=org.apache.tomee.catalina.session.QuickSessionManager'
Mai 23, 2014 5:34:43 PM org.apache.openejb.config.ConfigurationFactory configureApplication
Informações: Configuring enterprise application: C:\Users\Danilo-PC\Documents\GitHub\Atividade\target\apache-tomee\webapps\tomee
Mai 23, 2014 5:34:43 PM org.apache.openejb.config.AppInfoBuilder build
Informações: Enterprise application "C:\Users\Danilo-PC\Documents\GitHub\Atividade\target\apache-tomee\webapps\tomee" loaded.
Mai 23, 2014 5:34:43 PM org.apache.openejb.assembler.classic.Assembler createApplication
Informações: Assembling app: C:\Users\Danilo-PC\Documents\GitHub\Atividade\target\apache-tomee\webapps\tomee
Mai 23, 2014 5:34:43 PM org.apache.openejb.cdi.CdiBuilder initSingleton
Informações: Existing thread singleton service in SystemInstance() org.apache.openejb.cdi.ThreadSingletonServiceImpl@13b2835
Mai 23, 2014 5:34:43 PM org.apache.openejb.cdi.OpenEJBLifecycle startApplication
Informações: OpenWebBeans Container is starting...
Mai 23, 2014 5:34:43 PM org.apache.webbeans.plugins.PluginLoader startUp
Informações: Adding OpenWebBeansPlugin : [CdiPlugin]
Mai 23, 2014 5:34:43 PM org.apache.webbeans.plugins.PluginLoader startUp
Informações: Adding OpenWebBeansPlugin : [OpenWebBeansJsfPlugin]
Mai 23, 2014 5:34:43 PM org.apache.openejb.cdi.BeansDeployer validateInjectionPoints
Informações: All injection points are validated successfully.
Mai 23, 2014 5:34:43 PM org.apache.openejb.cdi.OpenEJBLifecycle startApplication
Informações: OpenWebBeans Container has started, it took 4 ms.
Mai 23, 2014 5:34:43 PM org.apache.openejb.assembler.classic.Assembler createApplication
Informações: Deployed Application(path=C:\Users\Danilo-PC\Documents\GitHub\Atividade\target\apache-tomee\webapps\tomee)
Mai 23, 2014 5:34:43 PM org.apache.coyote.AbstractProtocol start
Informações: Starting ProtocolHandler ["http-bio-8080"]
Mai 23, 2014 5:34:43 PM org.apache.coyote.AbstractProtocol start
Informações: Starting ProtocolHandler ["ajp-bio-8009"]
Mai 23, 2014 5:34:43 PM org.apache.catalina.startup.Catalina start
Informações: Server startup in 6452 ms
